Unity Editor version:    2020.3.17f1 (a4537701e4ab)
Branch:                  2020.3/staging
Build type:              Release
Batch mode:              YES
macOS version:           Version 11.4 (Build 20F71)
Darwin version:          20.5.0
Architecture:            x86_64
Running under Rosetta:   NO
Available memory:        8192 MB
Using pre-set license
Pro License: NO

COMMAND LINE ARGUMENTS:
/Applications/Unity/Hub/Editor/2020.3.17f1/Unity.app/Contents/MacOS/Unity
-adb2
-batchMode
-noUpm
-name
AssetImportWorker0
-projectPath
/Users/mugisama/Desktop/unity勉強/PinBall
-logFile
Logs/AssetImportWorker0.log
-srvPort
56656
Successfully changed project path to: /Users/mugisama/Desktop/unity勉強/PinBall
/Users/mugisama/Desktop/unity勉強/PinBall
Using Asset Import Pipeline V2.
Refreshing native plugins compatible for Editor in 33.90 ms, found 2 plugins.
Preloading 0 native plugins for Editor in 0.00 ms.
Initialize engine version: 2020.3.17f1 (a4537701e4ab)
[Subsystems] Discovering subsystems at path /Applications/Unity/Hub/Editor/2020.3.17f1/Unity.app/Contents/Resources/UnitySubsystems
[Subsystems] Discovering subsystems at path /Users/mugisama/Desktop/unity勉強/PinBall/Assets
GfxDevice: creating device client; threaded=0
2021-09-30 09:58:34.212 Unity[9813:1025140] Color LCD preferred device: Intel(R) Iris(TM) Plus Graphics 655 (low power)
2021-09-30 09:58:34.212 Unity[9813:1025140] Metal devices available: 1
2021-09-30 09:58:34.212 Unity[9813:1025140] 0: Intel(R) Iris(TM) Plus Graphics 655 (low power)
2021-09-30 09:58:34.213 Unity[9813:1025140] Using device Intel(R) Iris(TM) Plus Graphics 655 (low power)
Initializing Metal device caps: Intel(R) Iris(TM) Plus Graphics 655
Initialize mono
Mono path[0] = '/Applications/Unity/Hub/Editor/2020.3.17f1/Unity.app/Contents/Managed'
Mono path[1] = '/Applications/Unity/Hub/Editor/2020.3.17f1/Unity.app/Contents/MonoBleedingEdge/lib/mono/unityjit'
Mono config path = '/Applications/Unity/Hub/Editor/2020.3.17f1/Unity.app/Contents/MonoBleedingEdge/etc'
Using monoOptions --debugger-agent=transport=dt_socket,embedding=1,server=y,suspend=n,address=127.0.0.1:56813
Begin MonoManager ReloadAssembly
Registering precompiled unity dll's ...
Register platform support module: /Applications/Unity/Hub/Editor/2020.3.17f1/Unity.app/Contents/PlaybackEngines/MacStandaloneSupport/UnityEditor.OSXStandalone.Extensions.dll
Registered in 0.000692 seconds.
Native extension for OSXStandalone target not found
Refreshing native plugins compatible for Editor in 49.83 ms, found 2 plugins.
Preloading 0 native plugins for Editor in 0.00 ms.
Mono: successfully reloaded assembly
- Completed reload, in  2.479 seconds
Domain Reload Profiling:
	ReloadAssembly (2479ms)
		BeginReloadAssembly (93ms)
			ExecutionOrderSort (0ms)
			DisableScriptedObjects (0ms)
			BackupInstance (0ms)
			ReleaseScriptingObjects (0ms)
			CreateAndSetChildDomain (1ms)
		EndReloadAssembly (676ms)
			LoadAssemblies (91ms)
			RebuildTransferFunctionScriptingTraits (0ms)
			SetupTypeCache (239ms)
			ReleaseScriptCaches (0ms)
			RebuildScriptCaches (81ms)
			SetupLoadedEditorAssemblies (261ms)
				LogAssemblyErrors (0ms)
				InitializePlatformSupportModulesInManaged (7ms)
				SetLoadedEditorAssemblies (1ms)
				RefreshPlugins (50ms)
				BeforeProcessingInitializeOnLoad (47ms)
				ProcessInitializeOnLoadAttributes (118ms)
				ProcessInitializeOnLoadMethodAttributes (38ms)
				AfterProcessingInitializeOnLoad (0ms)
				EditorAssembliesLoaded (0ms)
			ExecutionOrderSort2 (0ms)
			AwakeInstancesAfterBackupRestoration (0ms)
Platform modules already initialized, skipping
Registering precompiled user dll's ...
Registered in 0.005104 seconds.
Begin MonoManager ReloadAssembly
Native extension for OSXStandalone target not found
Refreshing native plugins compatible for Editor in 0.34 ms, found 2 plugins.
Preloading 0 native plugins for Editor in 0.00 ms.
Mono: successfully reloaded assembly
- Completed reload, in  1.363 seconds
Domain Reload Profiling:
	ReloadAssembly (1364ms)
		BeginReloadAssembly (179ms)
			ExecutionOrderSort (0ms)
			DisableScriptedObjects (6ms)
			BackupInstance (0ms)
			ReleaseScriptingObjects (0ms)
			CreateAndSetChildDomain (34ms)
		EndReloadAssembly (1112ms)
			LoadAssemblies (82ms)
			RebuildTransferFunctionScriptingTraits (0ms)
			SetupTypeCache (361ms)
			ReleaseScriptCaches (1ms)
			RebuildScriptCaches (67ms)
			SetupLoadedEditorAssemblies (470ms)
				LogAssemblyErrors (0ms)
				InitializePlatformSupportModulesInManaged (6ms)
				SetLoadedEditorAssemblies (1ms)
				RefreshPlugins (0ms)
				BeforeProcessingInitializeOnLoad (86ms)
				ProcessInitializeOnLoadAttributes (371ms)
				ProcessInitializeOnLoadMethodAttributes (5ms)
				AfterProcessingInitializeOnLoad (1ms)
				EditorAssembliesLoaded (0ms)
			ExecutionOrderSort2 (0ms)
			AwakeInstancesAfterBackupRestoration (8ms)
Platform modules already initialized, skipping
Validating Project structure ... 0.000488 seconds.
Shader import version has changed; will reimport all shaders...
Upgrading shader files ...0.000499 seconds.
Application.AssetDatabase Initial Script Refresh Start
RefreshInfo: InitialScriptRefreshV2(NoUpdateAssetOptions) scanfilter:  ... 1 filters
RefreshProfiler: Total: 0.000ms
Application.AssetDatabase Initial Script Refresh End
Application.AssetDatabase.Refresh Start
Application.AssetDatabase.Refresh End
RefreshInfo: StopAssetImportingV2(ForceSynchronousImport) scanfilter: 
RefreshProfiler: Total: 0.000ms
Launching external process: /Applications/Unity/Hub/Editor/2020.3.17f1/Unity.app/Contents/Tools/UnityShaderCompiler
Launched and connected shader compiler UnityShaderCompiler after 0.01 seconds
Initializing Unity extensions:
========================================================================
Worker process is ready to serve import requests
Refreshing native plugins compatible for Editor in 0.26 ms, found 2 plugins.
Preloading 0 native plugins for Editor in 0.00 ms.
Unloading 1405 Unused Serialized files (Serialized files now loaded: 0)
System memory in use before: 162.5 MB.
System memory in use after: 161.7 MB.

Unloading 79 unused Assets to reduce memory usage. Loaded Objects now: 1877.
Total: 3.518599 ms (FindLiveObjects: 0.142317 ms CreateObjectMapping: 0.038820 ms MarkObjects: 2.819306 ms  DeleteObjects: 0.517349 ms)

AssetImportParameters requested are different than current active one (requested -> active):
  custom:video-decoder-ogg-theora: a1e56fd34408186e4bbccfd4996cb3dc -> 
  custom:container-muxer-webm: aa71ff27fc2769a1b78a27578f13a17b -> 
  custom:container-demuxer-webm: 4f35f7cbe854078d1ac9338744f61a02 -> 
  custom:container-demuxer-ogg: 62fdf1f143b41e24485cea50d1cbac27 -> 
  custom:video-encoder-webm-vp8: eb34c28f22e8b96e1ab97ce403110664 -> 
  custom:framework-osx-AVFoundation: e770b220cccbd017edd2c1fefb359320 -> 
  custom:video-decoder-webm-vp8: 9c59270c3fd7afecdb556c50c9e8de78 -> 
  custom:audio-decoder-ogg-vorbis: bf7c407c2cedff20999df2af8eb42d56 -> 
  custom:audio-encoder-webm-vorbis: bf7c407c2cedff20999df2af8eb42d56 -> 
========================================================================
Received Import Request.
  path: Assets/Lesson5/SmallCloudPrefab.prefab
  artifactKey: Guid(03eb3612be344494289b699e1e6dbea3) Importer(815301076,1909f56bfc062723c751e8b465ee728b)
Start importing Assets/Lesson5/SmallCloudPrefab.prefab using Guid(03eb3612be344494289b699e1e6dbea3) Importer(815301076,1909f56bfc062723c751e8b465ee728b)  -> (artifact id: '71a3599c1e7fad6c2512094adb4f420a') in 1.065488 seconds 
  Import took 1.068514 seconds .

========================================================================
Received Import Request.
  Time since last request: 0.002717 seconds.
  path: Assets/Lesson5/LargeCloudPrefab.prefab
  artifactKey: Guid(a4aa6737c391b435a9e238700cca9469) Importer(815301076,1909f56bfc062723c751e8b465ee728b)
Start importing Assets/Lesson5/LargeCloudPrefab.prefab using Guid(a4aa6737c391b435a9e238700cca9469) Importer(815301076,1909f56bfc062723c751e8b465ee728b)  -> (artifact id: '9aeb6f27bc6f240cb07dbd6698e8a411') in 0.024367 seconds 
  Import took 0.030415 seconds .

========================================================================
Received Import Request.
  Time since last request: 0.000298 seconds.
  path: Assets/Lesson5/LargeStarPrefab.prefab
  artifactKey: Guid(326157688c7e04fbca7bc49f8789716e) Importer(815301076,1909f56bfc062723c751e8b465ee728b)
Start importing Assets/Lesson5/LargeStarPrefab.prefab using Guid(326157688c7e04fbca7bc49f8789716e) Importer(815301076,1909f56bfc062723c751e8b465ee728b)  -> (artifact id: '56834c70d5ce6be54154e14ed91a6729') in 0.021937 seconds 
  Import took 0.025357 seconds .

========================================================================
Received Import Request.
  Time since last request: 83.770488 seconds.
  path: Assets/Lesson5/PointText.cs
  artifactKey: Guid(3f158b1a18fde4245b4d8cde93ee06a9) Importer(815301076,1909f56bfc062723c751e8b465ee728b)
Start importing Assets/Lesson5/PointText.cs using Guid(3f158b1a18fde4245b4d8cde93ee06a9) Importer(815301076,1909f56bfc062723c751e8b465ee728b)  -> (artifact id: '4094c5d2cbd099e463862b741d5545c5') in 0.385529 seconds 
  Import took 0.388280 seconds .

========================================================================
Received Import Request.
  Time since last request: 6243.676557 seconds.
  path: Assets/Lesson5/PointText.cs
  artifactKey: Guid(3f158b1a18fde4245b4d8cde93ee06a9) Importer(815301076,1909f56bfc062723c751e8b465ee728b)
Start importing Assets/Lesson5/PointText.cs using Guid(3f158b1a18fde4245b4d8cde93ee06a9) Importer(815301076,1909f56bfc062723c751e8b465ee728b)  -> (artifact id: '7cee510395de213e10a2e299fb59f4a9') in 0.080307 seconds 
  Import took 0.110323 seconds .

========================================================================
Received Import Request.
  Time since last request: 121.556506 seconds.
  path: Assets/Lesson5/BallController.cs
  artifactKey: Guid(8753a1b76b80543eab21f681dcfbe107) Importer(815301076,1909f56bfc062723c751e8b465ee728b)
Start importing Assets/Lesson5/BallController.cs using Guid(8753a1b76b80543eab21f681dcfbe107) Importer(815301076,1909f56bfc062723c751e8b465ee728b)  -> (artifact id: '4825dbc65d1c4d5560fbfe5cb00bfbba') in 0.002655 seconds 
  Import took 0.011445 seconds .

========================================================================
Received Import Request.
  Time since last request: 0.003021 seconds.
  path: Assets/Lesson5/BallController.cs
  artifactKey: Guid(8753a1b76b80543eab21f681dcfbe107) Importer(815301076,1909f56bfc062723c751e8b465ee728b)
Start importing Assets/Lesson5/BallController.cs using Guid(8753a1b76b80543eab21f681dcfbe107) Importer(815301076,1909f56bfc062723c751e8b465ee728b)  -> (artifact id: '4825dbc65d1c4d5560fbfe5cb00bfbba') in 0.002105 seconds 
  Import took 0.007793 seconds .

========================================================================
Received Prepare
Registering precompiled user dll's ...
Registered in 0.005017 seconds.
Begin MonoManager ReloadAssembly
Native extension for OSXStandalone target not found
Refreshing native plugins compatible for Editor in 0.35 ms, found 2 plugins.
Preloading 0 native plugins for Editor in 0.00 ms.
Mono: successfully reloaded assembly
- Completed reload, in  1.466 seconds
Domain Reload Profiling:
	ReloadAssembly (1469ms)
		BeginReloadAssembly (231ms)
			ExecutionOrderSort (0ms)
			DisableScriptedObjects (13ms)
			BackupInstance (0ms)
			ReleaseScriptingObjects (0ms)
			CreateAndSetChildDomain (132ms)
		EndReloadAssembly (1157ms)
			LoadAssemblies (99ms)
			RebuildTransferFunctionScriptingTraits (0ms)
			SetupTypeCache (367ms)
			ReleaseScriptCaches (1ms)
			RebuildScriptCaches (57ms)
			SetupLoadedEditorAssemblies (493ms)
				LogAssemblyErrors (0ms)
				InitializePlatformSupportModulesInManaged (6ms)
				SetLoadedEditorAssemblies (1ms)
				RefreshPlugins (0ms)
				BeforeProcessingInitializeOnLoad (121ms)
				ProcessInitializeOnLoadAttributes (357ms)
				ProcessInitializeOnLoadMethodAttributes (5ms)
				AfterProcessingInitializeOnLoad (1ms)
				EditorAssembliesLoaded (0ms)
			ExecutionOrderSort2 (0ms)
			AwakeInstancesAfterBackupRestoration (9ms)
Platform modules already initialized, skipping
Switching build target platform(2) subTarget(0) extendedPlatform(0) -> platform(9) subTarget(16777218) extendedPlatform(0)
Refreshing native plugins compatible for Editor in 0.32 ms, found 2 plugins.
Preloading 0 native plugins for Editor in 0.00 ms.
Unloading 1400 Unused Serialized files (Serialized files now loaded: 0)
System memory in use before: 169.3 MB.
System memory in use after: 169.4 MB.

Unloading 15 unused Assets to reduce memory usage. Loaded Objects now: 1885.
Total: 3.330619 ms (FindLiveObjects: 0.221928 ms CreateObjectMapping: 0.048961 ms MarkObjects: 3.026950 ms  DeleteObjects: 0.031692 ms)

AssetImportParameters requested are different than current active one (requested -> active):
  custom:video-decoder-ogg-theora: a1e56fd34408186e4bbccfd4996cb3dc -> 
  custom:container-muxer-webm: aa71ff27fc2769a1b78a27578f13a17b -> 
  custom:container-demuxer-webm: 4f35f7cbe854078d1ac9338744f61a02 -> 
  custom:container-demuxer-ogg: 62fdf1f143b41e24485cea50d1cbac27 -> 
  custom:video-encoder-webm-vp8: eb34c28f22e8b96e1ab97ce403110664 -> 
  custom:framework-osx-AVFoundation: e770b220cccbd017edd2c1fefb359320 -> 
  custom:video-decoder-webm-vp8: 9c59270c3fd7afecdb556c50c9e8de78 -> 
  custom:graphics/normal-map-encoding: 01000000000000000000000000000000 -> 02000000000000000000000000000000
  custom:audio-decoder-ogg-vorbis: bf7c407c2cedff20999df2af8eb42d56 -> 
  custom:audio-encoder-webm-vorbis: bf7c407c2cedff20999df2af8eb42d56 -> 
========================================================================
Received Prepare
Registering precompiled user dll's ...
Registered in 0.008902 seconds.
Begin MonoManager ReloadAssembly
Native extension for OSXStandalone target not found
Refreshing native plugins compatible for Editor in 0.34 ms, found 2 plugins.
Preloading 0 native plugins for Editor in 0.00 ms.
Mono: successfully reloaded assembly
- Completed reload, in  1.653 seconds
Domain Reload Profiling:
	ReloadAssembly (1653ms)
		BeginReloadAssembly (175ms)
			ExecutionOrderSort (0ms)
			DisableScriptedObjects (6ms)
			BackupInstance (0ms)
			ReleaseScriptingObjects (0ms)
			CreateAndSetChildDomain (87ms)
		EndReloadAssembly (1384ms)
			LoadAssemblies (120ms)
			RebuildTransferFunctionScriptingTraits (0ms)
			SetupTypeCache (429ms)
			ReleaseScriptCaches (1ms)
			RebuildScriptCaches (72ms)
			SetupLoadedEditorAssemblies (571ms)
				LogAssemblyErrors (0ms)
				InitializePlatformSupportModulesInManaged (7ms)
				SetLoadedEditorAssemblies (1ms)
				RefreshPlugins (0ms)
				BeforeProcessingInitializeOnLoad (163ms)
				ProcessInitializeOnLoadAttributes (394ms)
				ProcessInitializeOnLoadMethodAttributes (5ms)
				AfterProcessingInitializeOnLoad (1ms)
				EditorAssembliesLoaded (0ms)
			ExecutionOrderSort2 (0ms)
			AwakeInstancesAfterBackupRestoration (8ms)
Platform modules already initialized, skipping
Switching build target platform(2) subTarget(0) extendedPlatform(0) -> platform(9) subTarget(16777218) extendedPlatform(0)
Refreshing native plugins compatible for Editor in 0.39 ms, found 2 plugins.
Preloading 0 native plugins for Editor in 0.00 ms.
Unloading 1400 Unused Serialized files (Serialized files now loaded: 0)
System memory in use before: 169.4 MB.
System memory in use after: 169.5 MB.

Unloading 13 unused Assets to reduce memory usage. Loaded Objects now: 1887.
Total: 3.589345 ms (FindLiveObjects: 0.244936 ms CreateObjectMapping: 0.053569 ms MarkObjects: 3.273919 ms  DeleteObjects: 0.015910 ms)

AssetImportParameters requested are different than current active one (requested -> active):
  custom:video-decoder-ogg-theora: a1e56fd34408186e4bbccfd4996cb3dc -> 
  custom:container-muxer-webm: aa71ff27fc2769a1b78a27578f13a17b -> 
  custom:container-demuxer-webm: 4f35f7cbe854078d1ac9338744f61a02 -> 
  custom:container-demuxer-ogg: 62fdf1f143b41e24485cea50d1cbac27 -> 
  custom:video-encoder-webm-vp8: eb34c28f22e8b96e1ab97ce403110664 -> 
  custom:framework-osx-AVFoundation: e770b220cccbd017edd2c1fefb359320 -> 
  custom:video-decoder-webm-vp8: 9c59270c3fd7afecdb556c50c9e8de78 -> 
  custom:graphics/normal-map-encoding: 01000000000000000000000000000000 -> 02000000000000000000000000000000
  custom:audio-decoder-ogg-vorbis: bf7c407c2cedff20999df2af8eb42d56 -> 
  custom:audio-encoder-webm-vorbis: bf7c407c2cedff20999df2af8eb42d56 -> 
========================================================================
Received Import Request.
  Time since last request: 723.210203 seconds.
  path: Assets/Lesson5/Materials
  artifactKey: Guid(826f763bb8560454c84c98883275b8b4) Importer(815301076,1909f56bfc062723c751e8b465ee728b)
Start importing Assets/Lesson5/Materials using Guid(826f763bb8560454c84c98883275b8b4) Importer(815301076,1909f56bfc062723c751e8b465ee728b)  -> (artifact id: '6c6117c46947103c565f1e9954b9455a') in 0.012163 seconds 
  Import took 0.020221 seconds .

